Analysis & Synthesis report for WH4574_USART
Tue Jan 07 04:53:44 2014
Quartus II Version 9.0 Build 132 02/25/2009 SJ Full Version


---------------------
; Table of Contents ;
---------------------
  1. Legal Notice
  2. Analysis & Synthesis Summary
  3. Analysis & Synthesis Settings
  4. Analysis & Synthesis Source Files Read
  5. Analysis & Synthesis Resource Usage Summary
  6. Analysis & Synthesis Resource Utilization by Entity
  7. Registers Removed During Synthesis
  8. Removed Registers Triggering Further Register Optimizations
  9. General Register Statistics
 10. Multiplexer Restructuring Statistics (Restructuring Performed)
 11. Analysis & Synthesis Messages



----------------
; Legal Notice ;
----------------
Copyright (C) 1991-2009 Altera Corporation
Your use of Altera Corporation's design tools, logic functions 
and other software and tools, and its AMPP partner logic 
functions, and any output files from any of the foregoing 
(including device programming or simulation files), and any 
associated documentation or information are expressly subject 
to the terms and conditions of the Altera Program License 
Subscription Agreement, Altera MegaCore Function License 
Agreement, or other applicable license agreement, including, 
without limitation, that your use is for the sole purpose of 
programming logic devices manufactured by Altera and sold by 
Altera or its authorized distributors.  Please refer to the 
applicable agreement for further details.



+-------------------------------------------------------------------------------+
; Analysis & Synthesis Summary                                                  ;
+------------------------------------+------------------------------------------+
; Analysis & Synthesis Status        ; Successful - Tue Jan 07 04:53:44 2014    ;
; Quartus II Version                 ; 9.0 Build 132 02/25/2009 SJ Full Version ;
; Revision Name                      ; WH4574_USART                             ;
; Top-level Entity Name              ; WH4574_USART_ALL                         ;
; Family                             ; Cyclone III                              ;
; Total logic elements               ; 186                                      ;
;     Total combinational functions  ; 155                                      ;
;     Dedicated logic registers      ; 102                                      ;
; Total registers                    ; 102                                      ;
; Total pins                         ; 14                                       ;
; Total virtual pins                 ; 0                                        ;
; Total memory bits                  ; 0                                        ;
; Embedded Multiplier 9-bit elements ; 0                                        ;
; Total PLLs                         ; 0                                        ;
+------------------------------------+------------------------------------------+


+----------------------------------------------------------------------------------------------------------+
; Analysis & Synthesis Settings                                                                            ;
+----------------------------------------------------------------+--------------------+--------------------+
; Option                                                         ; Setting            ; Default Value      ;
+----------------------------------------------------------------+--------------------+--------------------+
; Device                                                         ; EP3C10E144C8       ;                    ;
; Top-level entity name                                          ; WH4574_USART_ALL   ; WH4574_USART       ;
; Family name                                                    ; Cyclone III        ; Stratix II         ;
; Use Generated Physical Constraints File                        ; Off                ;                    ;
; Use smart compilation                                          ; Off                ; Off                ;
; Restructure Multiplexers                                       ; Auto               ; Auto               ;
; Create Debugging Nodes for IP Cores                            ; Off                ; Off                ;
; Preserve fewer node names                                      ; On                 ; On                 ;
; Disable OpenCore Plus hardware evaluation                      ; Off                ; Off                ;
; Verilog Version                                                ; Verilog_2001       ; Verilog_2001       ;
; VHDL Version                                                   ; VHDL93             ; VHDL93             ;
; State Machine Processing                                       ; Auto               ; Auto               ;
; Safe State Machine                                             ; Off                ; Off                ;
; Extract Verilog State Machines                                 ; On                 ; On                 ;
; Extract VHDL State Machines                                    ; On                 ; On                 ;
; Ignore Verilog initial constructs                              ; Off                ; Off                ;
; Iteration limit for constant Verilog loops                     ; 5000               ; 5000               ;
; Iteration limit for non-constant Verilog loops                 ; 250                ; 250                ;
; Add Pass-Through Logic to Inferred RAMs                        ; On                 ; On                 ;
; Parallel Synthesis                                             ; Off                ; Off                ;
; DSP Block Balancing                                            ; Auto               ; Auto               ;
; NOT Gate Push-Back                                             ; On                 ; On                 ;
; Power-Up Don't Care                                            ; On                 ; On                 ;
; Remove Redundant Logic Cells                                   ; Off                ; Off                ;
; Remove Duplicate Registers                                     ; On                 ; On                 ;
; Ignore CARRY Buffers                                           ; Off                ; Off                ;
; Ignore CASCADE Buffers                                         ; Off                ; Off                ;
; Ignore GLOBAL Buffers                                          ; Off                ; Off                ;
; Ignore ROW GLOBAL Buffers                                      ; Off                ; Off                ;
; Ignore LCELL Buffers                                           ; Off                ; Off                ;
; Ignore SOFT Buffers                                            ; On                 ; On                 ;
; Limit AHDL Integers to 32 Bits                                 ; Off                ; Off                ;
; Optimization Technique                                         ; Balanced           ; Balanced           ;
; Carry Chain Length                                             ; 70                 ; 70                 ;
; Auto Carry Chains                                              ; On                 ; On                 ;
; Auto Open-Drain Pins                                           ; On                 ; On                 ;
; Perform WYSIWYG Primitive Resynthesis                          ; Off                ; Off                ;
; Auto ROM Replacement                                           ; On                 ; On                 ;
; Auto RAM Replacement                                           ; On                 ; On                 ;
; Auto DSP Block Replacement                                     ; On                 ; On                 ;
; Auto Shift Register Replacement                                ; Auto               ; Auto               ;
; Auto Clock Enable Replacement                                  ; On                 ; On                 ;
; Strict RAM Replacement                                         ; Off                ; Off                ;
; Allow Synchronous Control Signals                              ; On                 ; On                 ;
; Force Use of Synchronous Clear Signals                         ; Off                ; Off                ;
; Auto RAM Block Balancing                                       ; On                 ; On                 ;
; Auto RAM to Logic Cell Conversion                              ; Off                ; Off                ;
; Auto Resource Sharing                                          ; Off                ; Off                ;
; Allow Any RAM Size For Recognition                             ; Off                ; Off                ;
; Allow Any ROM Size For Recognition                             ; Off                ; Off                ;
; Allow Any Shift Register Size For Recognition                  ; Off                ; Off                ;
; Use LogicLock Constraints during Resource Balancing            ; On                 ; On                 ;
; Ignore translate_off and synthesis_off directives              ; Off                ; Off                ;
; Timing-Driven Synthesis                                        ; Off                ; Off                ;
; Show Parameter Settings Tables in Synthesis Report             ; On                 ; On                 ;
; Ignore Maximum Fan-Out Assignments                             ; Off                ; Off                ;
; Synchronization Register Chain Length                          ; 2                  ; 2                  ;
; PowerPlay Power Optimization                                   ; Normal compilation ; Normal compilation ;
; HDL message level                                              ; Level2             ; Level2             ;
; Suppress Register Optimization Related Messages                ; Off                ; Off                ;
; Number of Removed Registers Reported in Synthesis Report       ; 100                ; 100                ;
; Number of Inverted Registers Reported in Synthesis Report      ; 100                ; 100                ;
; Clock MUX Protection                                           ; On                 ; On                 ;
; Auto Gated Clock Conversion                                    ; Off                ; Off                ;
; Block Design Naming                                            ; Auto               ; Auto               ;
; SDC constraint protection                                      ; Off                ; Off                ;
; Synthesis Effort                                               ; Auto               ; Auto               ;
; Allows Asynchronous Clear Usage For Shift Register Replacement ; On                 ; On                 ;
; Analysis & Synthesis Message Level                             ; Medium             ; Medium             ;
+----------------------------------------------------------------+--------------------+--------------------+


+----------------------------------------------------------------------------------------------------------------------------------------------------------+
; Analysis & Synthesis Source Files Read                                                                                                                   ;
+----------------------------------+-----------------+------------------------------------+----------------------------------------------------------------+
; File Name with User-Entered Path ; Used in Netlist ; File Type                          ; File Name with Absolute Path                                   ;
+----------------------------------+-----------------+------------------------------------+----------------------------------------------------------------+
; WH4574_USART.vhd                 ; yes             ; User VHDL File                     ; C:/Users/Dawn/Desktop/WH4574/WH4574_USART/WH4574_USART.vhd     ;
; WH4574_COUNT26.vhd               ; yes             ; User VHDL File                     ; C:/Users/Dawn/Desktop/WH4574/WH4574_USART/WH4574_COUNT26.vhd   ;
; WH4574_DIV50.vhd                 ; yes             ; User VHDL File                     ; C:/Users/Dawn/Desktop/WH4574/WH4574_USART/WH4574_DIV50.vhd     ;
; WH4574_DIV1K.vhd                 ; yes             ; User VHDL File                     ; C:/Users/Dawn/Desktop/WH4574/WH4574_USART/WH4574_DIV1K.vhd     ;
; WH4574_DIVTO1.vhd                ; yes             ; User VHDL File                     ; C:/Users/Dawn/Desktop/WH4574/WH4574_USART/WH4574_DIVTO1.vhd    ;
; WH4574_DISPLAY8.vhd              ; yes             ; User VHDL File                     ; C:/Users/Dawn/Desktop/WH4574/WH4574_USART/WH4574_DISPLAY8.vhd  ;
; WH4574_USART_ALL.bdf             ; yes             ; User Block Diagram/Schematic File  ; C:/Users/Dawn/Desktop/WH4574/WH4574_USART/WH4574_USART_ALL.bdf ;
; WH4574_CONTROL.vhd               ; yes             ; User VHDL File                     ; C:/Users/Dawn/Desktop/WH4574/WH4574_USART/WH4574_CONTROL.vhd   ;
; WH4574_SEL2.vhd                  ; yes             ; User VHDL File                     ; C:/Users/Dawn/Desktop/WH4574/WH4574_USART/WH4574_SEL2.vhd      ;
+----------------------------------+-----------------+------------------------------------+----------------------------------------------------------------+


+---------------------------------------------------------------------+
; Analysis & Synthesis Resource Usage Summary                         ;
+---------------------------------------------+-----------------------+
; Resource                                    ; Usage                 ;
+---------------------------------------------+-----------------------+
; Estimated Total logic elements              ; 186                   ;
;                                             ;                       ;
; Total combinational functions               ; 155                   ;
; Logic element usage by number of LUT inputs ;                       ;
;     -- 4 input functions                    ; 70                    ;
;     -- 3 input functions                    ; 35                    ;
;     -- <=2 input functions                  ; 50                    ;
;                                             ;                       ;
; Logic elements by mode                      ;                       ;
;     -- normal mode                          ; 126                   ;
;     -- arithmetic mode                      ; 29                    ;
;                                             ;                       ;
; Total registers                             ; 102                   ;
;     -- Dedicated logic registers            ; 102                   ;
;     -- I/O registers                        ; 0                     ;
;                                             ;                       ;
; I/O pins                                    ; 14                    ;
; Maximum fan-out node                        ; WH4574_COUNT26:inst|Q ;
; Maximum fan-out                             ; 33                    ;
; Total fan-out                               ; 773                   ;
; Average fan-out                             ; 2.71                  ;
+---------------------------------------------+-----------------------+


+-------------------------------------------------------------------------------------------------------------------------------------------------------------------------------------------------+
; Analysis & Synthesis Resource Utilization by Entity                                                                                                                                             ;
+----------------------------+-------------------+--------------+-------------+--------------+---------+-----------+------+--------------+-----------------------------------------+--------------+
; Compilation Hierarchy Node ; LC Combinationals ; LC Registers ; Memory Bits ; DSP Elements ; DSP 9x9 ; DSP 18x18 ; Pins ; Virtual Pins ; Full Hierarchy Name                     ; Library Name ;
+----------------------------+-------------------+--------------+-------------+--------------+---------+-----------+------+--------------+-----------------------------------------+--------------+
; |WH4574_USART_ALL          ; 155 (2)           ; 102 (0)      ; 0           ; 0            ; 0       ; 0         ; 14   ; 0            ; |WH4574_USART_ALL                       ; work         ;
;    |WH4574_CONTROL:inst12| ; 29 (29)           ; 20 (20)      ; 0           ; 0            ; 0       ; 0         ; 0    ; 0            ; |WH4574_USART_ALL|WH4574_CONTROL:inst12 ; work         ;
;    |WH4574_COUNT26:inst|   ; 9 (9)             ; 6 (6)        ; 0           ; 0            ; 0       ; 0         ; 0    ; 0            ; |WH4574_USART_ALL|WH4574_COUNT26:inst   ; work         ;
;    |WH4574_DISPLAY8:inst6| ; 29 (29)           ; 3 (3)        ; 0           ; 0            ; 0       ; 0         ; 0    ; 0            ; |WH4574_USART_ALL|WH4574_DISPLAY8:inst6 ; work         ;
;    |WH4574_DIV50:inst1|    ; 13 (13)           ; 7 (7)        ; 0           ; 0            ; 0       ; 0         ; 0    ; 0            ; |WH4574_USART_ALL|WH4574_DIV50:inst1    ; work         ;
;    |WH4574_DIVTO1:inst8|   ; 4 (4)             ; 5 (5)        ; 0           ; 0            ; 0       ; 0         ; 0    ; 0            ; |WH4574_USART_ALL|WH4574_DIVTO1:inst8   ; work         ;
;    |WH4574_SEL2:inst11|    ; 15 (15)           ; 7 (7)        ; 0           ; 0            ; 0       ; 0         ; 0    ; 0            ; |WH4574_USART_ALL|WH4574_SEL2:inst11    ; work         ;
;    |wh4574_div1k:inst4|    ; 27 (27)           ; 17 (17)      ; 0           ; 0            ; 0       ; 0         ; 0    ; 0            ; |WH4574_USART_ALL|wh4574_div1k:inst4    ; work         ;
;    |wh4574_sci:inst5|      ; 27 (27)           ; 37 (37)      ; 0           ; 0            ; 0       ; 0         ; 0    ; 0            ; |WH4574_USART_ALL|wh4574_sci:inst5      ; work         ;
+----------------------------+-------------------+--------------+-------------+--------------+---------+-----------+------+--------------+-----------------------------------------+--------------+
Note: For table entries with two numbers listed, the numbers in parentheses indicate the number of resources of the given type used by the specific entity alone. The numbers listed outside of parentheses indicate the total resources of the given type used by the specific entity and all of its sub-entities in the hierarchy.


+--------------------------------------------------------------------------------+
; Registers Removed During Synthesis                                             ;
+---------------------------------------+----------------------------------------+
; Register name                         ; Reason for Removal                     ;
+---------------------------------------+----------------------------------------+
; wh4574_sci:inst5|tdempty_s            ; Merged with wh4574_sci:inst5|txdf      ;
; WH4574_CONTROL:inst12|SBUF[0]         ; Stuck at GND due to stuck port data_in ;
; WH4574_CONTROL:inst12|DATA_IN[0]      ; Stuck at GND due to stuck port data_in ;
; wh4574_sci:inst5|din_latch[7]         ; Stuck at GND due to stuck port data_in ;
; Total Number of Removed Registers = 4 ;                                        ;
+---------------------------------------+----------------------------------------+


+-------------------------------------------------------------------------------------------------------+
; Removed Registers Triggering Further Register Optimizations                                           ;
+----------------------------------+---------------------------+----------------------------------------+
; Register name                    ; Reason for Removal        ; Registers Removed due to This Register ;
+----------------------------------+---------------------------+----------------------------------------+
; WH4574_CONTROL:inst12|DATA_IN[0] ; Stuck at GND              ; wh4574_sci:inst5|din_latch[7]          ;
;                                  ; due to stuck port data_in ;                                        ;
+----------------------------------+---------------------------+----------------------------------------+


+------------------------------------------------------+
; General Register Statistics                          ;
+----------------------------------------------+-------+
; Statistic                                    ; Value ;
+----------------------------------------------+-------+
; Total registers                              ; 102   ;
; Number of registers using Synchronous Clear  ; 1     ;
; Number of registers using Synchronous Load   ; 12    ;
; Number of registers using Asynchronous Clear ; 2     ;
; Number of registers using Asynchronous Load  ; 0     ;
; Number of registers using Clock Enable       ; 34    ;
; Number of registers using Preset             ; 0     ;
+----------------------------------------------+-------+


+------------------------------------------------------------------------------------------------------------------------------------------------------------------+
; Multiplexer Restructuring Statistics (Restructuring Performed)                                                                                                   ;
+--------------------+-----------+---------------+----------------------+------------------------+------------+----------------------------------------------------+
; Multiplexer Inputs ; Bus Width ; Baseline Area ; Area if Restructured ; Saving if Restructured ; Registered ; Example Multiplexer Output                         ;
+--------------------+-----------+---------------+----------------------+------------------------+------------+----------------------------------------------------+
; 3:1                ; 3 bits    ; 6 LEs         ; 6 LEs                ; 0 LEs                  ; Yes        ; |WH4574_USART_ALL|wh4574_sci:inst5|scir[4]         ;
; 14:1               ; 7 bits    ; 63 LEs        ; 0 LEs                ; 63 LEs                 ; Yes        ; |WH4574_USART_ALL|WH4574_CONTROL:inst12|DATA_IN[1] ;
; 3:1                ; 2 bits    ; 4 LEs         ; 4 LEs                ; 0 LEs                  ; No         ; |WH4574_USART_ALL|WH4574_DISPLAY8:inst6|num[2]     ;
; 16:1               ; 2 bits    ; 20 LEs        ; 14 LEs               ; 6 LEs                  ; No         ; |WH4574_USART_ALL|WH4574_DISPLAY8:inst6|seg[1]~57  ;
+--------------------+-----------+---------------+----------------------+------------------------+------------+----------------------------------------------------+


+-------------------------------+
; Analysis & Synthesis Messages ;
+-------------------------------+
Info: *******************************************************************
Info: Running Quartus II Analysis & Synthesis
    Info: Version 9.0 Build 132 02/25/2009 SJ Full Version
    Info: Processing started: Tue Jan 07 04:53:38 2014
Info: Command: quartus_map --read_settings_files=on --write_settings_files=off WH4574_USART -c WH4574_USART
Info: Found 2 design units, including 1 entities, in source file WH4574_USART.vhd
    Info: Found design unit 1: wh4574_sci-behav
    Info: Found entity 1: wh4574_sci
Info: Found 2 design units, including 1 entities, in source file WH4574_SCI.vhd
    Info: Found design unit 1: wh4574_usart-behav
    Info: Found entity 1: wh4574_usart
Info: Found 2 design units, including 1 entities, in source file WH4574_COUNT26.vhd
    Info: Found design unit 1: WH4574_COUNT26-RTL
    Info: Found entity 1: WH4574_COUNT26
Info: Found 2 design units, including 1 entities, in source file WH4574_DIV50.vhd
    Info: Found design unit 1: WH4574_DIV50-RTL
    Info: Found entity 1: WH4574_DIV50
Info: Found 2 design units, including 1 entities, in source file WH4574_DIV1K.vhd
    Info: Found design unit 1: wh4574_div1k-behav
    Info: Found entity 1: wh4574_div1k
Info: Found 2 design units, including 1 entities, in source file WH4574_COUNT8.vhd
    Info: Found design unit 1: WH4574_COUNT8-RTL
    Info: Found entity 1: WH4574_COUNT8
Info: Found 2 design units, including 1 entities, in source file WH4574_DIVTO1.vhd
    Info: Found design unit 1: WH4574_DIVTO1-RTL
    Info: Found entity 1: WH4574_DIVTO1
Info: Found 2 design units, including 1 entities, in source file WH4574_DISPLAY8.vhd
    Info: Found design unit 1: WH4574_DISPLAY8-behav
    Info: Found entity 1: WH4574_DISPLAY8
Info: Found 1 design units, including 1 entities, in source file WH4574_USART_ALL.bdf
    Info: Found entity 1: WH4574_USART_ALL
Warning: Entity "WH4574_CONTROL" obtained from "C:/Users/Dawn/Desktop/WH4574/WH4574_USART/WH4574_CONTROL.vhd" instead of from Quartus II megafunction library
Info: Found 2 design units, including 1 entities, in source file WH4574_CONTROL.vhd
    Info: Found design unit 1: WH4574_CONTROL-RTL
    Info: Found entity 1: WH4574_CONTROL
Info: Found 2 design units, including 1 entities, in source file WH4574_DIV4.vhd
    Info: Found design unit 1: WH4574_DIV4-RTL
    Info: Found entity 1: WH4574_DIV4
Info: Found 2 design units, including 1 entities, in source file CONTROL_BACKUP.vhd
    Info: Found design unit 1: WH4574_CONTROL_BACKUP-RTL
    Info: Found entity 1: WH4574_CONTROL_BACKUP
Info: Found 2 design units, including 1 entities, in source file WH4574_SEL2.vhd
    Info: Found design unit 1: WH4574_SEL2-RTL
    Info: Found entity 1: WH4574_SEL2
Info: Elaborating entity "WH4574_USART_ALL" for the top level hierarchy
Info: Elaborating entity "WH4574_DISPLAY8" for hierarchy "WH4574_DISPLAY8:inst6"
Info: Elaborating entity "WH4574_COUNT26" for hierarchy "WH4574_COUNT26:inst"
Info: Elaborating entity "WH4574_DIV50" for hierarchy "WH4574_DIV50:inst1"
Info: Elaborating entity "wh4574_sci" for hierarchy "wh4574_sci:inst5"
Warning (10492): VHDL Process Statement warning at WH4574_USART.vhd(65): signal "cs" is read inside the Process Statement but isn't in the Process Statement's sensitivity list
Warning (10492): VHDL Process Statement warning at WH4574_USART.vhd(126): signal "din_latch" is read inside the Process Statement but isn't in the Process Statement's sensitivity list
Warning (10492): VHDL Process Statement warning at WH4574_USART.vhd(127): signal "din_latch" is read inside the Process Statement but isn't in the Process Statement's sensitivity list
Warning (10492): VHDL Process Statement warning at WH4574_USART.vhd(128): signal "din_latch" is read inside the Process Statement but isn't in the Process Statement's sensitivity list
Warning (10492): VHDL Process Statement warning at WH4574_USART.vhd(129): signal "din_latch" is read inside the Process Statement but isn't in the Process Statement's sensitivity list
Warning (10492): VHDL Process Statement warning at WH4574_USART.vhd(130): signal "din_latch" is read inside the Process Statement but isn't in the Process Statement's sensitivity list
Warning (10492): VHDL Process Statement warning at WH4574_USART.vhd(131): signal "din_latch" is read inside the Process Statement but isn't in the Process Statement's sensitivity list
Warning (10492): VHDL Process Statement warning at WH4574_USART.vhd(132): signal "din_latch" is read inside the Process Statement but isn't in the Process Statement's sensitivity list
Warning (10492): VHDL Process Statement warning at WH4574_USART.vhd(133): signal "din_latch" is read inside the Process Statement but isn't in the Process Statement's sensitivity list
Info: Elaborating entity "WH4574_SEL2" for hierarchy "WH4574_SEL2:inst11"
Info: Elaborating entity "WH4574_DIVTO1" for hierarchy "WH4574_DIVTO1:inst8"
Info: Elaborating entity "wh4574_div1k" for hierarchy "wh4574_div1k:inst4"
Info: Elaborating entity "WH4574_CONTROL" for hierarchy "WH4574_CONTROL:inst12"
Info: Found 1 instances of uninferred RAM logic
    Info: RAM logic "WH4574_DIV50:inst1|Ram0" is uninferred due to inappropriate RAM size
Warning: Presettable and clearable registers converted to equivalent circuits with latches. Registers power-up to an undefined state, and DEVCLRn places the registers in an undefined state.
    Warning (13310): Register "WH4574_SEL2:inst11|Q" is converted into an equivalent circuit using register "WH4574_SEL2:inst11|Q~_emulated" and latch "WH4574_SEL2:inst11|Q~latch"
Info: Implemented 201 device resources after synthesis - the final resource count might be different
    Info: Implemented 2 input pins
    Info: Implemented 12 output pins
    Info: Implemented 187 logic cells
Info: Quartus II Analysis & Synthesis was successful. 0 errors, 12 warnings
    Info: Peak virtual memory: 232 megabytes
    Info: Processing ended: Tue Jan 07 04:53:44 2014
    Info: Elapsed time: 00:00:06
    Info: Total CPU time (on all processors): 00:00:05


