Flow report for WH4574_COUNT60
Mon Dec 30 20:10:33 2013
Quartus II Version 9.0 Build 132 02/25/2009 SJ Full Version


---------------------
; Table of Contents ;
---------------------
  1. Legal Notice
  2. Flow Summary
  3. Flow Settings
  4. Flow Non-Default Global Settings
  5. Flow Elapsed Time
  6. Flow OS Summary
  7. Flow Log



----------------
; Legal Notice ;
----------------
Copyright (C) 1991-2009 Altera Corporation
Your use of Altera Corporation's design tools, logic functions 
and other software and tools, and its AMPP partner logic 
functions, and any output files from any of the foregoing 
(including device programming or simulation files), and any 
associated documentation or information are expressly subject 
to the terms and conditions of the Altera Program License 
Subscription Agreement, Altera MegaCore Function License 
Agreement, or other applicable license agreement, including, 
without limitation, that your use is for the sole purpose of 
programming logic devices manufactured by Altera and sold by 
Altera or its authorized distributors.  Please refer to the 
applicable agreement for further details.



+-------------------------------------------------------------------------------+
; Flow Summary                                                                  ;
+------------------------------------+------------------------------------------+
; Flow Status                        ; Successful - Mon Dec 30 20:10:18 2013    ;
; Quartus II Version                 ; 9.0 Build 132 02/25/2009 SJ Full Version ;
; Revision Name                      ; WH4574_COUNT60                           ;
; Top-level Entity Name              ; WH4574_COUNT60                           ;
; Family                             ; Cyclone III                              ;
; Device                             ; EP3C10E144C8                             ;
; Timing Models                      ; Final                                    ;
; Met timing requirements            ; N/A                                      ;
; Total logic elements               ; 14 / 10,320 ( < 1 % )                    ;
;     Total combinational functions  ; 14 / 10,320 ( < 1 % )                    ;
;     Dedicated logic registers      ; 9 / 10,320 ( < 1 % )                     ;
; Total registers                    ; 9                                        ;
; Total pins                         ; 11 / 95 ( 12 % )                         ;
; Total virtual pins                 ; 0                                        ;
; Total memory bits                  ; 0 / 423,936 ( 0 % )                      ;
; Embedded Multiplier 9-bit elements ; 0 / 46 ( 0 % )                           ;
; Total PLLs                         ; 0 / 2 ( 0 % )                            ;
+------------------------------------+------------------------------------------+


+-----------------------------------------+
; Flow Settings                           ;
+-------------------+---------------------+
; Option            ; Setting             ;
+-------------------+---------------------+
; Start date & time ; 12/30/2013 20:09:28 ;
; Main task         ; Compilation         ;
; Revision Name     ; WH4574_COUNT60      ;
+-------------------+---------------------+


+---------------------------------------------------------------------------------------------------------------------+
; Flow Non-Default Global Settings                                                                                    ;
+------------------------------------+---------------------------------+---------------+-------------+----------------+
; Assignment Name                    ; Value                           ; Default Value ; Entity Name ; Section Id     ;
+------------------------------------+---------------------------------+---------------+-------------+----------------+
; COMPILER_SIGNATURE_ID              ; 132890729066366.138840536804224 ; --            ; --          ; --             ;
; MAX_CORE_JUNCTION_TEMP             ; 85                              ; --            ; --          ; --             ;
; MIN_CORE_JUNCTION_TEMP             ; 0                               ; --            ; --          ; --             ;
; NOMINAL_CORE_SUPPLY_VOLTAGE        ; 1.2V                            ; --            ; --          ; --             ;
; PARTITION_COLOR                    ; 16764057                        ; --            ; --          ; Top            ;
; PARTITION_NETLIST_TYPE             ; SOURCE                          ; --            ; --          ; Top            ;
; USE_GENERATED_PHYSICAL_CONSTRAINTS ; Off                             ; --            ; --          ; eda_blast_fpga ;
+------------------------------------+---------------------------------+---------------+-------------+----------------+


+-------------------------------------------------------------------------------------------------------------------------------+
; Flow Elapsed Time                                                                                                             ;
+---------------------------+--------------+-------------------------+---------------------+------------------------------------+
; Module Name               ; Elapsed Time ; Average Processors Used ; Peak Virtual Memory ; Total CPU Time (on all processors) ;
+---------------------------+--------------+-------------------------+---------------------+------------------------------------+
; Analysis & Synthesis      ; 00:00:04     ; 1.0                     ; 231 MB              ; 00:00:03                           ;
; Fitter                    ; 00:00:14     ; 1.0                     ; 314 MB              ; 00:00:09                           ;
; Assembler                 ; 00:00:17     ; 1.0                     ; 215 MB              ; 00:00:06                           ;
; TimeQuest Timing Analyzer ; 00:00:12     ; 1.0                     ; 251 MB              ; 00:00:06                           ;
; Total                     ; 00:00:47     ; --                      ; --                  ; 00:00:24                           ;
+---------------------------+--------------+-------------------------+---------------------+------------------------------------+


+--------------------------------------------------------------------------------------------+
; Flow OS Summary                                                                            ;
+---------------------------+------------------+---------------+------------+----------------+
; Module Name               ; Machine Hostname ; OS Name       ; OS Version ; Processor type ;
+---------------------------+------------------+---------------+------------+----------------+
; Analysis & Synthesis      ; WH               ; Windows Vista ; 6.2        ; i686           ;
; Fitter                    ; WH               ; Windows Vista ; 6.2        ; i686           ;
; Assembler                 ; WH               ; Windows Vista ; 6.2        ; i686           ;
; TimeQuest Timing Analyzer ; WH               ; Windows Vista ; 6.2        ; i686           ;
+---------------------------+------------------+---------------+------------+----------------+


------------
; Flow Log ;
------------
quartus_map --read_settings_files=on --write_settings_files=off WH4574_COUNT60 -c WH4574_COUNT60
quartus_fit --read_settings_files=off --write_settings_files=off WH4574_COUNT60 -c WH4574_COUNT60
quartus_asm --read_settings_files=off --write_settings_files=off WH4574_COUNT60 -c WH4574_COUNT60
quartus_sta WH4574_COUNT60 -c WH4574_COUNT60



