Analysis & Synthesis report for WH4574_MOUSE_CONNECT
Sat Jan 04 06:45:31 2014
Quartus II Version 9.0 Build 132 02/25/2009 SJ Full Version


---------------------
; Table of Contents ;
---------------------
  1. Legal Notice
  2. Analysis & Synthesis Summary
  3. Analysis & Synthesis Settings
  4. Analysis & Synthesis Source Files Read
  5. Analysis & Synthesis Resource Usage Summary
  6. Analysis & Synthesis Resource Utilization by Entity
  7. Registers Removed During Synthesis
  8. Removed Registers Triggering Further Register Optimizations
  9. General Register Statistics
 10. Multiplexer Restructuring Statistics (Restructuring Performed)
 11. Parameter Settings for Inferred Entity Instance: WH4574_MOUSE_CONNECT:inst6|lpm_divide:Mod0
 12. Parameter Settings for Inferred Entity Instance: WH4574_MOUSE_CONNECT:inst6|lpm_divide:Mod1
 13. Analysis & Synthesis Messages



----------------
; Legal Notice ;
----------------
Copyright (C) 1991-2009 Altera Corporation
Your use of Altera Corporation's design tools, logic functions 
and other software and tools, and its AMPP partner logic 
functions, and any output files from any of the foregoing 
(including device programming or simulation files), and any 
associated documentation or information are expressly subject 
to the terms and conditions of the Altera Program License 
Subscription Agreement, Altera MegaCore Function License 
Agreement, or other applicable license agreement, including, 
without limitation, that your use is for the sole purpose of 
programming logic devices manufactured by Altera and sold by 
Altera or its authorized distributors.  Please refer to the 
applicable agreement for further details.



+-------------------------------------------------------------------------------+
; Analysis & Synthesis Summary                                                  ;
+------------------------------------+------------------------------------------+
; Analysis & Synthesis Status        ; Successful - Sat Jan 04 06:45:31 2014    ;
; Quartus II Version                 ; 9.0 Build 132 02/25/2009 SJ Full Version ;
; Revision Name                      ; WH4574_MOUSE_CONNECT                     ;
; Top-level Entity Name              ; WH4574_MOUSE_OVERALL                     ;
; Family                             ; Cyclone III                              ;
; Total logic elements               ; 331                                      ;
;     Total combinational functions  ; 315                                      ;
;     Dedicated logic registers      ; 125                                      ;
; Total registers                    ; 125                                      ;
; Total pins                         ; 15                                       ;
; Total virtual pins                 ; 0                                        ;
; Total memory bits                  ; 0                                        ;
; Embedded Multiplier 9-bit elements ; 0                                        ;
; Total PLLs                         ; 0                                        ;
+------------------------------------+------------------------------------------+


+--------------------------------------------------------------------------------------------------------------+
; Analysis & Synthesis Settings                                                                                ;
+----------------------------------------------------------------+----------------------+----------------------+
; Option                                                         ; Setting              ; Default Value        ;
+----------------------------------------------------------------+----------------------+----------------------+
; Device                                                         ; EP3C10E144C8         ;                      ;
; Top-level entity name                                          ; WH4574_MOUSE_OVERALL ; WH4574_MOUSE_CONNECT ;
; Family name                                                    ; Cyclone III          ; Stratix II           ;
; Use Generated Physical Constraints File                        ; Off                  ;                      ;
; Use smart compilation                                          ; Off                  ; Off                  ;
; Restructure Multiplexers                                       ; Auto                 ; Auto                 ;
; Create Debugging Nodes for IP Cores                            ; Off                  ; Off                  ;
; Preserve fewer node names                                      ; On                   ; On                   ;
; Disable OpenCore Plus hardware evaluation                      ; Off                  ; Off                  ;
; Verilog Version                                                ; Verilog_2001         ; Verilog_2001         ;
; VHDL Version                                                   ; VHDL93               ; VHDL93               ;
; State Machine Processing                                       ; Auto                 ; Auto                 ;
; Safe State Machine                                             ; Off                  ; Off                  ;
; Extract Verilog State Machines                                 ; On                   ; On                   ;
; Extract VHDL State Machines                                    ; On                   ; On                   ;
; Ignore Verilog initial constructs                              ; Off                  ; Off                  ;
; Iteration limit for constant Verilog loops                     ; 5000                 ; 5000                 ;
; Iteration limit for non-constant Verilog loops                 ; 250                  ; 250                  ;
; Add Pass-Through Logic to Inferred RAMs                        ; On                   ; On                   ;
; Parallel Synthesis                                             ; Off                  ; Off                  ;
; DSP Block Balancing                                            ; Auto                 ; Auto                 ;
; NOT Gate Push-Back                                             ; On                   ; On                   ;
; Power-Up Don't Care                                            ; On                   ; On                   ;
; Remove Redundant Logic Cells                                   ; Off                  ; Off                  ;
; Remove Duplicate Registers                                     ; On                   ; On                   ;
; Ignore CARRY Buffers                                           ; Off                  ; Off                  ;
; Ignore CASCADE Buffers                                         ; Off                  ; Off                  ;
; Ignore GLOBAL Buffers                                          ; Off                  ; Off                  ;
; Ignore ROW GLOBAL Buffers                                      ; Off                  ; Off                  ;
; Ignore LCELL Buffers                                           ; Off                  ; Off                  ;
; Ignore SOFT Buffers                                            ; On                   ; On                   ;
; Limit AHDL Integers to 32 Bits                                 ; Off                  ; Off                  ;
; Optimization Technique                                         ; Balanced             ; Balanced             ;
; Carry Chain Length                                             ; 70                   ; 70                   ;
; Auto Carry Chains                                              ; On                   ; On                   ;
; Auto Open-Drain Pins                                           ; On                   ; On                   ;
; Perform WYSIWYG Primitive Resynthesis                          ; Off                  ; Off                  ;
; Auto ROM Replacement                                           ; On                   ; On                   ;
; Auto RAM Replacement                                           ; On                   ; On                   ;
; Auto DSP Block Replacement                                     ; On                   ; On                   ;
; Auto Shift Register Replacement                                ; Auto                 ; Auto                 ;
; Auto Clock Enable Replacement                                  ; On                   ; On                   ;
; Strict RAM Replacement                                         ; Off                  ; Off                  ;
; Allow Synchronous Control Signals                              ; On                   ; On                   ;
; Force Use of Synchronous Clear Signals                         ; Off                  ; Off                  ;
; Auto RAM Block Balancing                                       ; On                   ; On                   ;
; Auto RAM to Logic Cell Conversion                              ; Off                  ; Off                  ;
; Auto Resource Sharing                                          ; Off                  ; Off                  ;
; Allow Any RAM Size For Recognition                             ; Off                  ; Off                  ;
; Allow Any ROM Size For Recognition                             ; Off                  ; Off                  ;
; Allow Any Shift Register Size For Recognition                  ; Off                  ; Off                  ;
; Use LogicLock Constraints during Resource Balancing            ; On                   ; On                   ;
; Ignore translate_off and synthesis_off directives              ; Off                  ; Off                  ;
; Timing-Driven Synthesis                                        ; Off                  ; Off                  ;
; Show Parameter Settings Tables in Synthesis Report             ; On                   ; On                   ;
; Ignore Maximum Fan-Out Assignments                             ; Off                  ; Off                  ;
; Synchronization Register Chain Length                          ; 2                    ; 2                    ;
; PowerPlay Power Optimization                                   ; Normal compilation   ; Normal compilation   ;
; HDL message level                                              ; Level2               ; Level2               ;
; Suppress Register Optimization Related Messages                ; Off                  ; Off                  ;
; Number of Removed Registers Reported in Synthesis Report       ; 100                  ; 100                  ;
; Number of Inverted Registers Reported in Synthesis Report      ; 100                  ; 100                  ;
; Clock MUX Protection                                           ; On                   ; On                   ;
; Auto Gated Clock Conversion                                    ; Off                  ; Off                  ;
; Block Design Naming                                            ; Auto                 ; Auto                 ;
; SDC constraint protection                                      ; Off                  ; Off                  ;
; Synthesis Effort                                               ; Auto                 ; Auto                 ;
; Allows Asynchronous Clear Usage For Shift Register Replacement ; On                   ; On                   ;
; Analysis & Synthesis Message Level                             ; Medium               ; Medium               ;
+----------------------------------------------------------------+----------------------+----------------------+


+-------------------------------------------------------------------------------------------------------------------------------------------------------------------------------------+
; Analysis & Synthesis Source Files Read                                                                                                                                              ;
+----------------------------------+-----------------+------------------------------------+-------------------------------------------------------------------------------------------+
; File Name with User-Entered Path ; Used in Netlist ; File Type                          ; File Name with Absolute Path                                                              ;
+----------------------------------+-----------------+------------------------------------+-------------------------------------------------------------------------------------------+
; WH4574_MOUSE_CONNECT.vhd         ; yes             ; User VHDL File                     ; C:/Users/Dawn/Desktop/WH4574/WH4574_MOUSE/WH4574_MOUSE_CONNECT/WH4574_MOUSE_CONNECT.vhd   ;
; WH4574_DIV1K.vhd                 ; yes             ; User VHDL File                     ; C:/Users/Dawn/Desktop/WH4574/WH4574_MOUSE/WH4574_MOUSE_CONNECT/WH4574_DIV1K.vhd           ;
; WH4574_MOUSE_OVERALL.bdf         ; yes             ; User Block Diagram/Schematic File  ; C:/Users/Dawn/Desktop/WH4574/WH4574_MOUSE/WH4574_MOUSE_CONNECT/WH4574_MOUSE_OVERALL.bdf   ;
; WH4574_DIV4K.vhd                 ; yes             ; User VHDL File                     ; C:/Users/Dawn/Desktop/WH4574/WH4574_MOUSE/WH4574_MOUSE_CONNECT/WH4574_DIV4K.vhd           ;
; WH4574_DISPLAY8.vhd              ; yes             ; User VHDL File                     ; C:/Users/Dawn/Desktop/WH4574/WH4574_MOUSE/WH4574_MOUSE_CONNECT/WH4574_DISPLAY8.vhd        ;
; WH4574_DIV2K_CTRL.vhd            ; yes             ; User VHDL File                     ; C:/Users/Dawn/Desktop/WH4574/WH4574_MOUSE/WH4574_MOUSE_CONNECT/WH4574_DIV2K_CTRL.vhd      ;
; lpm_divide.tdf                   ; yes             ; Megafunction                       ; c:/altera/90/quartus/libraries/megafunctions/lpm_divide.tdf                               ;
; abs_divider.inc                  ; yes             ; Megafunction                       ; c:/altera/90/quartus/libraries/megafunctions/abs_divider.inc                              ;
; sign_div_unsign.inc              ; yes             ; Megafunction                       ; c:/altera/90/quartus/libraries/megafunctions/sign_div_unsign.inc                          ;
; aglobal90.inc                    ; yes             ; Megafunction                       ; c:/altera/90/quartus/libraries/megafunctions/aglobal90.inc                                ;
; db/lpm_divide_h8m.tdf            ; yes             ; Auto-Generated Megafunction        ; C:/Users/Dawn/Desktop/WH4574/WH4574_MOUSE/WH4574_MOUSE_CONNECT/db/lpm_divide_h8m.tdf      ;
; db/sign_div_unsign_fkh.tdf       ; yes             ; Auto-Generated Megafunction        ; C:/Users/Dawn/Desktop/WH4574/WH4574_MOUSE/WH4574_MOUSE_CONNECT/db/sign_div_unsign_fkh.tdf ;
; db/alt_u_div_93f.tdf             ; yes             ; Auto-Generated Megafunction        ; C:/Users/Dawn/Desktop/WH4574/WH4574_MOUSE/WH4574_MOUSE_CONNECT/db/alt_u_div_93f.tdf       ;
; db/add_sub_unc.tdf               ; yes             ; Auto-Generated Megafunction        ; C:/Users/Dawn/Desktop/WH4574/WH4574_MOUSE/WH4574_MOUSE_CONNECT/db/add_sub_unc.tdf         ;
; db/add_sub_vnc.tdf               ; yes             ; Auto-Generated Megafunction        ; C:/Users/Dawn/Desktop/WH4574/WH4574_MOUSE/WH4574_MOUSE_CONNECT/db/add_sub_vnc.tdf         ;
; db/lpm_divide_98m.tdf            ; yes             ; Auto-Generated Megafunction        ; C:/Users/Dawn/Desktop/WH4574/WH4574_MOUSE/WH4574_MOUSE_CONNECT/db/lpm_divide_98m.tdf      ;
; db/sign_div_unsign_7kh.tdf       ; yes             ; Auto-Generated Megafunction        ; C:/Users/Dawn/Desktop/WH4574/WH4574_MOUSE/WH4574_MOUSE_CONNECT/db/sign_div_unsign_7kh.tdf ;
; db/alt_u_div_p2f.tdf             ; yes             ; Auto-Generated Megafunction        ; C:/Users/Dawn/Desktop/WH4574/WH4574_MOUSE/WH4574_MOUSE_CONNECT/db/alt_u_div_p2f.tdf       ;
+----------------------------------+-----------------+------------------------------------+-------------------------------------------------------------------------------------------+


+-------------------------------------------------------------------------+
; Analysis & Synthesis Resource Usage Summary                             ;
+---------------------------------------------+---------------------------+
; Resource                                    ; Usage                     ;
+---------------------------------------------+---------------------------+
; Estimated Total logic elements              ; 331                       ;
;                                             ;                           ;
; Total combinational functions               ; 315                       ;
; Logic element usage by number of LUT inputs ;                           ;
;     -- 4 input functions                    ; 138                       ;
;     -- 3 input functions                    ; 58                        ;
;     -- <=2 input functions                  ; 119                       ;
;                                             ;                           ;
; Logic elements by mode                      ;                           ;
;     -- normal mode                          ; 264                       ;
;     -- arithmetic mode                      ; 51                        ;
;                                             ;                           ;
; Total registers                             ; 125                       ;
;     -- Dedicated logic registers            ; 125                       ;
;     -- I/O registers                        ; 0                         ;
;                                             ;                           ;
; I/O pins                                    ; 15                        ;
; Maximum fan-out node                        ; WH4574_DIV4K:inst5|COUNT2 ;
; Maximum fan-out                             ; 84                        ;
; Total fan-out                               ; 1281                      ;
; Average fan-out                             ; 2.73                      ;
+---------------------------------------------+---------------------------+


+-------------------------------------------------------------------------------------------------------------------------------------------------------------------------------------------------------------------------------------------------------------------------------------------------------------------------+
; Analysis & Synthesis Resource Utilization by Entity                                                                                                                                                                                                                                                                     ;
+-------------------------------------------+-------------------+--------------+-------------+--------------+---------+-----------+------+--------------+--------------------------------------------------------------------------------------------------------------------------------------------------+--------------+
; Compilation Hierarchy Node                ; LC Combinationals ; LC Registers ; Memory Bits ; DSP Elements ; DSP 9x9 ; DSP 18x18 ; Pins ; Virtual Pins ; Full Hierarchy Name                                                                                                                              ; Library Name ;
+-------------------------------------------+-------------------+--------------+-------------+--------------+---------+-----------+------+--------------+--------------------------------------------------------------------------------------------------------------------------------------------------+--------------+
; |WH4574_MOUSE_OVERALL                     ; 315 (0)           ; 125 (0)      ; 0           ; 0            ; 0       ; 0         ; 15   ; 0            ; |WH4574_MOUSE_OVERALL                                                                                                                            ; work         ;
;    |WH4574_DISPLAY8:inst|                 ; 31 (31)           ; 3 (3)        ; 0           ; 0            ; 0       ; 0         ; 0    ; 0            ; |WH4574_MOUSE_OVERALL|WH4574_DISPLAY8:inst                                                                                                       ; work         ;
;    |WH4574_DIV1K:inst4|                   ; 25 (25)           ; 14 (14)      ; 0           ; 0            ; 0       ; 0         ; 0    ; 0            ; |WH4574_MOUSE_OVERALL|WH4574_DIV1K:inst4                                                                                                         ; work         ;
;    |WH4574_DIV2K_CTRL:inst9|              ; 21 (21)           ; 13 (13)      ; 0           ; 0            ; 0       ; 0         ; 0    ; 0            ; |WH4574_MOUSE_OVERALL|WH4574_DIV2K_CTRL:inst9                                                                                                    ; work         ;
;    |WH4574_DIV4K:inst5|                   ; 22 (22)           ; 13 (13)      ; 0           ; 0            ; 0       ; 0         ; 0    ; 0            ; |WH4574_MOUSE_OVERALL|WH4574_DIV4K:inst5                                                                                                         ; work         ;
;    |WH4574_MOUSE_CONNECT:inst6|           ; 216 (182)         ; 82 (82)      ; 0           ; 0            ; 0       ; 0         ; 0    ; 0            ; |WH4574_MOUSE_OVERALL|WH4574_MOUSE_CONNECT:inst6                                                                                                 ; work         ;
;       |lpm_divide:Mod0|                   ; 27 (0)            ; 0 (0)        ; 0           ; 0            ; 0       ; 0         ; 0    ; 0            ; |WH4574_MOUSE_OVERALL|WH4574_MOUSE_CONNECT:inst6|lpm_divide:Mod0                                                                                 ; work         ;
;          |lpm_divide_h8m:auto_generated|  ; 27 (0)            ; 0 (0)        ; 0           ; 0            ; 0       ; 0         ; 0    ; 0            ; |WH4574_MOUSE_OVERALL|WH4574_MOUSE_CONNECT:inst6|lpm_divide:Mod0|lpm_divide_h8m:auto_generated                                                   ; work         ;
;             |sign_div_unsign_fkh:divider| ; 27 (0)            ; 0 (0)        ; 0           ; 0            ; 0       ; 0         ; 0    ; 0            ; |WH4574_MOUSE_OVERALL|WH4574_MOUSE_CONNECT:inst6|lpm_divide:Mod0|lpm_divide_h8m:auto_generated|sign_div_unsign_fkh:divider                       ; work         ;
;                |alt_u_div_93f:divider|    ; 27 (27)           ; 0 (0)        ; 0           ; 0            ; 0       ; 0         ; 0    ; 0            ; |WH4574_MOUSE_OVERALL|WH4574_MOUSE_CONNECT:inst6|lpm_divide:Mod0|lpm_divide_h8m:auto_generated|sign_div_unsign_fkh:divider|alt_u_div_93f:divider ; work         ;
;       |lpm_divide:Mod1|                   ; 7 (0)             ; 0 (0)        ; 0           ; 0            ; 0       ; 0         ; 0    ; 0            ; |WH4574_MOUSE_OVERALL|WH4574_MOUSE_CONNECT:inst6|lpm_divide:Mod1                                                                                 ; work         ;
;          |lpm_divide_98m:auto_generated|  ; 7 (0)             ; 0 (0)        ; 0           ; 0            ; 0       ; 0         ; 0    ; 0            ; |WH4574_MOUSE_OVERALL|WH4574_MOUSE_CONNECT:inst6|lpm_divide:Mod1|lpm_divide_98m:auto_generated                                                   ; work         ;
;             |sign_div_unsign_7kh:divider| ; 7 (0)             ; 0 (0)        ; 0           ; 0            ; 0       ; 0         ; 0    ; 0            ; |WH4574_MOUSE_OVERALL|WH4574_MOUSE_CONNECT:inst6|lpm_divide:Mod1|lpm_divide_98m:auto_generated|sign_div_unsign_7kh:divider                       ; work         ;
;                |alt_u_div_p2f:divider|    ; 7 (7)             ; 0 (0)        ; 0           ; 0            ; 0       ; 0         ; 0    ; 0            ; |WH4574_MOUSE_OVERALL|WH4574_MOUSE_CONNECT:inst6|lpm_divide:Mod1|lpm_divide_98m:auto_generated|sign_div_unsign_7kh:divider|alt_u_div_p2f:divider ; work         ;
+-------------------------------------------+-------------------+--------------+-------------+--------------+---------+-----------+------+--------------+--------------------------------------------------------------------------------------------------------------------------------------------------+--------------+
Note: For table entries with two numbers listed, the numbers in parentheses indicate the number of resources of the given type used by the specific entity alone. The numbers listed outside of parentheses indicate the total resources of the given type used by the specific entity and all of its sub-entities in the hierarchy.


+-----------------------------------------------------------------------------------------+
; Registers Removed During Synthesis                                                      ;
+----------------------------------------+------------------------------------------------+
; Register name                          ; Reason for Removal                             ;
+----------------------------------------+------------------------------------------------+
; WH4574_MOUSE_CONNECT:inst6|SHI[0]      ; Merged with WH4574_MOUSE_CONNECT:inst6|GE[0]   ;
; WH4574_MOUSE_CONNECT:inst6|SHI[1]      ; Merged with WH4574_MOUSE_CONNECT:inst6|GE[1]   ;
; WH4574_MOUSE_CONNECT:inst6|SHI[2]      ; Merged with WH4574_MOUSE_CONNECT:inst6|GE[2]   ;
; WH4574_MOUSE_CONNECT:inst6|SHI[3]      ; Merged with WH4574_MOUSE_CONNECT:inst6|GE[3]   ;
; WH4574_MOUSE_CONNECT:inst6|BCD0[2..3]  ; Merged with WH4574_MOUSE_CONNECT:inst6|BCD0[1] ;
; WH4574_MOUSE_CONNECT:inst6|BCD4[1..3]  ; Merged with WH4574_MOUSE_CONNECT:inst6|BCD4[0] ;
; WH4574_MOUSE_CONNECT:inst6|BCD0[1]     ; Stuck at VCC due to stuck port data_in         ;
; WH4574_MOUSE_CONNECT:inst6|BCD4[0]     ; Stuck at VCC due to stuck port data_in         ;
; WH4574_MOUSE_CONNECT:inst6|DAT0[0]     ; Stuck at VCC due to stuck port data_in         ;
; WH4574_MOUSE_CONNECT:inst6|Q_1K        ; Stuck at VCC due to stuck port data_in         ;
; WH4574_MOUSE_CONNECT:inst6|Q_2K        ; Stuck at VCC due to stuck port data_in         ;
; WH4574_DIV2K_CTRL:inst9|COUNT1[0]      ; Merged with WH4574_DIV4K:inst5|COUNT[0]        ;
; WH4574_DIV1K:inst4|COUNT1[0]           ; Merged with WH4574_DIV4K:inst5|COUNT[0]        ;
; WH4574_DIV1K:inst4|COUNT1[1]           ; Merged with WH4574_DIV4K:inst5|COUNT[1]        ;
; WH4574_DIV1K:inst4|COUNT1[2]           ; Merged with WH4574_DIV4K:inst5|COUNT[2]        ;
; WH4574_MOUSE_CONNECT:inst6|GE[0]       ; Stuck at GND due to stuck port data_in         ;
; WH4574_MOUSE_CONNECT:inst6|BCD7[0]     ; Stuck at GND due to stuck port data_in         ;
; WH4574_MOUSE_CONNECT:inst6|BCD2[0]     ; Stuck at GND due to stuck port data_in         ;
; Total Number of Removed Registers = 21 ;                                                ;
+----------------------------------------+------------------------------------------------+


+---------------------------------------------------------------------------------------------------------------------------------------+
; Removed Registers Triggering Further Register Optimizations                                                                           ;
+----------------------------------+---------------------------+------------------------------------------------------------------------+
; Register name                    ; Reason for Removal        ; Registers Removed due to This Register                                 ;
+----------------------------------+---------------------------+------------------------------------------------------------------------+
; WH4574_MOUSE_CONNECT:inst6|GE[0] ; Stuck at GND              ; WH4574_MOUSE_CONNECT:inst6|BCD7[0], WH4574_MOUSE_CONNECT:inst6|BCD2[0] ;
;                                  ; due to stuck port data_in ;                                                                        ;
+----------------------------------+---------------------------+------------------------------------------------------------------------+


+------------------------------------------------------+
; General Register Statistics                          ;
+----------------------------------------------+-------+
; Statistic                                    ; Value ;
+----------------------------------------------+-------+
; Total registers                              ; 125   ;
; Number of registers using Synchronous Clear  ; 0     ;
; Number of registers using Synchronous Load   ; 3     ;
; Number of registers using Asynchronous Clear ; 0     ;
; Number of registers using Asynchronous Load  ; 0     ;
; Number of registers using Clock Enable       ; 42    ;
; Number of registers using Preset             ; 0     ;
+----------------------------------------------+-------+


+------------------------------------------------------------------------------------------------------------------------------------------------------------------------+
; Multiplexer Restructuring Statistics (Restructuring Performed)                                                                                                         ;
+--------------------+-----------+---------------+----------------------+------------------------+------------+----------------------------------------------------------+
; Multiplexer Inputs ; Bus Width ; Baseline Area ; Area if Restructured ; Saving if Restructured ; Registered ; Example Multiplexer Output                               ;
+--------------------+-----------+---------------+----------------------+------------------------+------------+----------------------------------------------------------+
; 3:1                ; 5 bits    ; 10 LEs        ; 5 LEs                ; 5 LEs                  ; Yes        ; |WH4574_MOUSE_OVERALL|WH4574_MOUSE_CONNECT:inst6|I[1]    ;
; 5:1                ; 12 bits   ; 36 LEs        ; 12 LEs               ; 24 LEs                 ; Yes        ; |WH4574_MOUSE_OVERALL|WH4574_DIV2K_CTRL:inst9|COUNT1[11] ;
; 64:1               ; 4 bits    ; 168 LEs       ; 4 LEs                ; 164 LEs                ; Yes        ; |WH4574_MOUSE_OVERALL|WH4574_MOUSE_CONNECT:inst6|BCD5[1] ;
; 64:1               ; 8 bits    ; 336 LEs       ; 8 LEs                ; 328 LEs                ; Yes        ; |WH4574_MOUSE_OVERALL|WH4574_MOUSE_CONNECT:inst6|S[1]    ;
; 33:1               ; 5 bits    ; 110 LEs       ; 105 LEs              ; 5 LEs                  ; Yes        ; |WH4574_MOUSE_OVERALL|WH4574_MOUSE_CONNECT:inst6|CC[2]   ;
; 34:1               ; 4 bits    ; 88 LEs        ; 4 LEs                ; 84 LEs                 ; Yes        ; |WH4574_MOUSE_OVERALL|WH4574_MOUSE_CONNECT:inst6|BCD6[0] ;
; 34:1               ; 4 bits    ; 88 LEs        ; 4 LEs                ; 84 LEs                 ; Yes        ; |WH4574_MOUSE_OVERALL|WH4574_MOUSE_CONNECT:inst6|BCD3[0] ;
; 67:1               ; 2 bits    ; 88 LEs        ; 26 LEs               ; 62 LEs                 ; Yes        ; |WH4574_MOUSE_OVERALL|WH4574_MOUSE_CONNECT:inst6|DD[5]   ;
; 69:1               ; 4 bits    ; 184 LEs       ; 112 LEs              ; 72 LEs                 ; Yes        ; |WH4574_MOUSE_OVERALL|WH4574_MOUSE_CONNECT:inst6|DD[2]   ;
; 8:1                ; 3 bits    ; 15 LEs        ; 12 LEs               ; 3 LEs                  ; No         ; |WH4574_MOUSE_OVERALL|WH4574_DISPLAY8:inst|num[1]        ;
; 16:1               ; 2 bits    ; 20 LEs        ; 14 LEs               ; 6 LEs                  ; No         ; |WH4574_MOUSE_OVERALL|WH4574_DISPLAY8:inst|seg[1]~57     ;
+--------------------+-----------+---------------+----------------------+------------------------+------------+----------------------------------------------------------+


+---------------------------------------------------------------------------------------------+
; Parameter Settings for Inferred Entity Instance: WH4574_MOUSE_CONNECT:inst6|lpm_divide:Mod0 ;
+------------------------+----------------+---------------------------------------------------+
; Parameter Name         ; Value          ; Type                                              ;
+------------------------+----------------+---------------------------------------------------+
; LPM_WIDTHN             ; 8              ; Untyped                                           ;
; LPM_WIDTHD             ; 8              ; Untyped                                           ;
; LPM_NREPRESENTATION    ; UNSIGNED       ; Untyped                                           ;
; LPM_DREPRESENTATION    ; UNSIGNED       ; Untyped                                           ;
; LPM_PIPELINE           ; 0              ; Untyped                                           ;
; LPM_REMAINDERPOSITIVE  ; TRUE           ; Untyped                                           ;
; MAXIMIZE_SPEED         ; 5              ; Untyped                                           ;
; CBXI_PARAMETER         ; lpm_divide_h8m ; Untyped                                           ;
; CARRY_CHAIN            ; MANUAL         ; Untyped                                           ;
; OPTIMIZE_FOR_SPEED     ; 5              ; Untyped                                           ;
; AUTO_CARRY_CHAINS      ; ON             ; AUTO_CARRY                                        ;
; IGNORE_CARRY_BUFFERS   ; OFF            ; IGNORE_CARRY                                      ;
; AUTO_CASCADE_CHAINS    ; ON             ; AUTO_CASCADE                                      ;
; IGNORE_CASCADE_BUFFERS ; OFF            ; IGNORE_CASCADE                                    ;
+------------------------+----------------+---------------------------------------------------+
Note: In order to hide this table in the UI and the text report file, please set the "Show Parameter Settings Tables in Synthesis Report" option in "Analysis and Synthesis Settings -> More Settings" to "Off".


+---------------------------------------------------------------------------------------------+
; Parameter Settings for Inferred Entity Instance: WH4574_MOUSE_CONNECT:inst6|lpm_divide:Mod1 ;
+------------------------+----------------+---------------------------------------------------+
; Parameter Name         ; Value          ; Type                                              ;
+------------------------+----------------+---------------------------------------------------+
; LPM_WIDTHN             ; 4              ; Untyped                                           ;
; LPM_WIDTHD             ; 4              ; Untyped                                           ;
; LPM_NREPRESENTATION    ; UNSIGNED       ; Untyped                                           ;
; LPM_DREPRESENTATION    ; UNSIGNED       ; Untyped                                           ;
; LPM_PIPELINE           ; 0              ; Untyped                                           ;
; LPM_REMAINDERPOSITIVE  ; TRUE           ; Untyped                                           ;
; MAXIMIZE_SPEED         ; 5              ; Untyped                                           ;
; CBXI_PARAMETER         ; lpm_divide_98m ; Untyped                                           ;
; CARRY_CHAIN            ; MANUAL         ; Untyped                                           ;
; OPTIMIZE_FOR_SPEED     ; 5              ; Untyped                                           ;
; AUTO_CARRY_CHAINS      ; ON             ; AUTO_CARRY                                        ;
; IGNORE_CARRY_BUFFERS   ; OFF            ; IGNORE_CARRY                                      ;
; AUTO_CASCADE_CHAINS    ; ON             ; AUTO_CASCADE                                      ;
; IGNORE_CASCADE_BUFFERS ; OFF            ; IGNORE_CASCADE                                    ;
+------------------------+----------------+---------------------------------------------------+
Note: In order to hide this table in the UI and the text report file, please set the "Show Parameter Settings Tables in Synthesis Report" option in "Analysis and Synthesis Settings -> More Settings" to "Off".


+-------------------------------+
; Analysis & Synthesis Messages ;
+-------------------------------+
Info: *******************************************************************
Info: Running Quartus II Analysis & Synthesis
    Info: Version 9.0 Build 132 02/25/2009 SJ Full Version
    Info: Processing started: Sat Jan 04 06:45:22 2014
Info: Command: quartus_map --read_settings_files=on --write_settings_files=off WH4574_MOUSE_CONNECT -c WH4574_MOUSE_CONNECT
Info: Found 2 design units, including 1 entities, in source file WH4574_MOUSE_CONNECT.vhd
    Info: Found design unit 1: WH4574_MOUSE_CONNECT-BEHAV
    Info: Found entity 1: WH4574_MOUSE_CONNECT
Info: Found 2 design units, including 1 entities, in source file WH4574_DISPLAY.vhd
    Info: Found design unit 1: WH4574_DISPLAY-behav
    Info: Found entity 1: WH4574_DISPLAY
Info: Found 2 design units, including 1 entities, in source file WH4574_DIV1K.vhd
    Info: Found design unit 1: WH4574_DIV1K-BEHAV
    Info: Found entity 1: WH4574_DIV1K
Info: Found 1 design units, including 1 entities, in source file WH4574_MOUSE_OVERALL.bdf
    Info: Found entity 1: WH4574_MOUSE_OVERALL
Info: Found 2 design units, including 1 entities, in source file WH4574_DIV4K.vhd
    Info: Found design unit 1: WH4574_DIV4K-BEHAV
    Info: Found entity 1: WH4574_DIV4K
Info: Found 2 design units, including 1 entities, in source file WH4574_DISPLAY8.vhd
    Info: Found design unit 1: WH4574_DISPLAY8-behav
    Info: Found entity 1: WH4574_DISPLAY8
Info: Found 2 design units, including 1 entities, in source file WH4574_DIV1K_CTRL.vhd
    Info: Found design unit 1: WH4574_DIV1K_CTRL-BEHAV
    Info: Found entity 1: WH4574_DIV1K_CTRL
Info: Found 2 design units, including 1 entities, in source file WH4574_DIV2K_CTRL.vhd
    Info: Found design unit 1: WH4574_DIV2K_CTRL-BEHAV
    Info: Found entity 1: WH4574_DIV2K_CTRL
Info: Elaborating entity "WH4574_MOUSE_OVERALL" for the top level hierarchy
Info: Elaborating entity "WH4574_MOUSE_CONNECT" for hierarchy "WH4574_MOUSE_CONNECT:inst6"
Info: Elaborating entity "WH4574_DIV4K" for hierarchy "WH4574_DIV4K:inst5"
Info: Elaborating entity "WH4574_DISPLAY8" for hierarchy "WH4574_DISPLAY8:inst"
Info: Elaborating entity "WH4574_DIV1K" for hierarchy "WH4574_DIV1K:inst4"
Info: Elaborating entity "WH4574_DIV2K_CTRL" for hierarchy "WH4574_DIV2K_CTRL:inst9"
Info: Inferred 2 megafunctions from design logic
    Info: Inferred divider/modulo megafunction ("lpm_divide") from the following logic: "WH4574_MOUSE_CONNECT:inst6|Mod0"
    Info: Inferred divider/modulo megafunction ("lpm_divide") from the following logic: "WH4574_MOUSE_CONNECT:inst6|Mod1"
Info: Elaborated megafunction instantiation "WH4574_MOUSE_CONNECT:inst6|lpm_divide:Mod0"
Info: Instantiated megafunction "WH4574_MOUSE_CONNECT:inst6|lpm_divide:Mod0" with the following parameter:
    Info: Parameter "LPM_WIDTHN" = "8"
    Info: Parameter "LPM_WIDTHD" = "8"
    Info: Parameter "LPM_NREPRESENTATION" = "UNSIGNED"
    Info: Parameter "LPM_DREPRESENTATION" = "UNSIGNED"
Info: Found 1 design units, including 1 entities, in source file db/lpm_divide_h8m.tdf
    Info: Found entity 1: lpm_divide_h8m
Info: Found 1 design units, including 1 entities, in source file db/sign_div_unsign_fkh.tdf
    Info: Found entity 1: sign_div_unsign_fkh
Info: Found 1 design units, including 1 entities, in source file db/alt_u_div_93f.tdf
    Info: Found entity 1: alt_u_div_93f
Info: Found 1 design units, including 1 entities, in source file db/add_sub_unc.tdf
    Info: Found entity 1: add_sub_unc
Info: Found 1 design units, including 1 entities, in source file db/add_sub_vnc.tdf
    Info: Found entity 1: add_sub_vnc
Info: Elaborated megafunction instantiation "WH4574_MOUSE_CONNECT:inst6|lpm_divide:Mod1"
Info: Instantiated megafunction "WH4574_MOUSE_CONNECT:inst6|lpm_divide:Mod1" with the following parameter:
    Info: Parameter "LPM_WIDTHN" = "4"
    Info: Parameter "LPM_WIDTHD" = "4"
    Info: Parameter "LPM_NREPRESENTATION" = "UNSIGNED"
    Info: Parameter "LPM_DREPRESENTATION" = "UNSIGNED"
Info: Found 1 design units, including 1 entities, in source file db/lpm_divide_98m.tdf
    Info: Found entity 1: lpm_divide_98m
Info: Found 1 design units, including 1 entities, in source file db/sign_div_unsign_7kh.tdf
    Info: Found entity 1: sign_div_unsign_7kh
Info: Found 1 design units, including 1 entities, in source file db/alt_u_div_p2f.tdf
    Info: Found entity 1: alt_u_div_p2f
Info: Implemented 351 device resources after synthesis - the final resource count might be different
    Info: Implemented 1 input pins
    Info: Implemented 14 output pins
    Info: Implemented 336 logic cells
Info: Quartus II Analysis & Synthesis was successful. 0 errors, 0 warnings
    Info: Peak virtual memory: 233 megabytes
    Info: Processing ended: Sat Jan 04 06:45:31 2014
    Info: Elapsed time: 00:00:09
    Info: Total CPU time (on all processors): 00:00:07


